<?xml version="1.0" encoding="UTF-8" ?>
<testsuite failures="0" time="0.134" errors="1" skipped="0" tests="1" name="demo.spring3.mvc.HelloControllerTest">
  <properties>
[...]
</properties>
  <testcase time="0.131" classname="demo.spring3.mvc.HelloControllerTest" name="getHello">
    <error message="HttpRequest" type="java.lang.NoClassDefFoundError">java.lang.NoClassDefFoundError: HttpRequest
	at java.lang.Class.getDeclaredMethods0(Native Method)
	at java.lang.Class.privateGetDeclaredMethods(Class.java:2451)
	at java.lang.Class.getDeclaredMethods(Class.java:1810)
	at org.springframework.beans.factory.annotation.InitDestroyAnnotationBeanPostProcessor.buildLifecycleMetadata(InitDestroyAnnotationBeanPostProcessor.java:194)
	at org.springframework.beans.factory.annotation.InitDestroyAnnotationBeanPostProcessor.findLifecycleMetadata(InitDestroyAnnotationBeanPostProcessor.java:176)
	at org.springframework.beans.factory.annotation.InitDestroyAnnotationBeanPostProcessor.postProcessMergedBeanDefinition(InitDestroyAnnotationBeanPostProcessor.java:122)
	at org.springframework.context.annotation.CommonAnnotationBeanPostProcessor.postProcessMergedBeanDefinition(CommonAnnotationBeanPostProcessor.java:283)
	at org.springframework.beans.factory.support.AbstractAutowireCapableBeanFactory.applyMergedBeanDefinitionPostProcessors(AbstractAutowireCapableBeanFactory.java:840)
	at org.springframework.beans.factory.support.AbstractAutowireCapableBeanFactory.doCreateBean(AbstractAutowireCapableBeanFactory.java:495)
	at org.springframework.beans.factory.support.AbstractAutowireCapableBeanFactory.createBean(AbstractAutowireCapableBeanFactory.java:458)
	at org.springframework.beans.factory.support.AbstractBeanFactory$1.getObject(AbstractBeanFactory.java:295)
	at org.springframework.beans.factory.support.DefaultSingletonBeanRegistry.getSingleton(DefaultSingletonBeanRegistry.java:223)
	at org.springframework.beans.factory.support.AbstractBeanFactory.doGetBean(AbstractBeanFactory.java:292)
	at org.springframework.beans.factory.support.AbstractBeanFactory.getBean(AbstractBeanFactory.java:194)
	at org.springframework.beans.factory.support.DefaultListableBeanFactory.preInstantiateSingletons(DefaultListableBeanFactory.java:626)
	at org.springframework.context.support.AbstractApplicationContext.finishBeanFactoryInitialization(AbstractApplicationContext.java:932)
	at org.springframework.context.support.AbstractApplicationContext.refresh(AbstractApplicationContext.java:479)
	at org.springframework.test.context.web.AbstractGenericWebContextLoader.loadContext(AbstractGenericWebContextLoader.java:128)
	at org.springframework.test.context.web.AbstractGenericWebContextLoader.loadContext(AbstractGenericWebContextLoader.java:60)
	at org.springframework.test.context.support.AbstractDelegatingSmartContextLoader.delegateLoading(AbstractDelegatingSmartContextLoader.java:100)
	at org.springframework.test.context.support.AbstractDelegatingSmartContextLoader.loadContext(AbstractDelegatingSmartContextLoader.java:248)
	at org.springframework.test.context.CacheAwareContextLoaderDelegate.loadContextInternal(CacheAwareContextLoaderDelegate.java:64)
	at org.springframework.test.context.CacheAwareContextLoaderDelegate.loadContext(CacheAwareContextLoaderDelegate.java:91)
	at org.springframework.test.context.TestContext.getApplicationContext(TestContext.java:122)
	at org.springframework.test.context.web.ServletTestExecutionListener.setUpRequestContextIfNecessary(ServletTestExecutionListener.java:105)
	at org.springframework.test.context.web.ServletTestExecutionListener.prepareTestInstance(ServletTestExecutionListener.java:74)
	at org.springframework.test.context.TestContextManager.prepareTestInstance(TestContextManager.java:312)
	at org.springframework.test.context.junit4.SpringJUnit4ClassRunner.createTest(SpringJUnit4ClassRunner.java:211)
	at org.springframework.test.context.junit4.SpringJUnit4ClassRunner$1.runReflectiveCall(SpringJUnit4ClassRunner.java:288)
	at org.junit.internal.runners.model.ReflectiveCallable.run(ReflectiveCallable.java:12)
	at org.springframework.test.context.junit4.SpringJUnit4ClassRunner.methodBlock(SpringJUnit4ClassRunner.java:284)
	at org.springframework.test.context.junit4.SpringJUnit4ClassRunner.runChild(SpringJUnit4ClassRunner.java:231)
	at org.springframework.test.context.junit4.SpringJUnit4ClassRunner.runChild(SpringJUnit4ClassRunner.java:88)
	at org.junit.runners.ParentRunner$3.run(ParentRunner.java:238)
	at org.junit.runners.ParentRunner$1.schedule(ParentRunner.java:63)
	at org.junit.runners.ParentRunner.runChildren(ParentRunner.java:236)
	at org.junit.runners.ParentRunner.access$000(ParentRunner.java:53)
	at org.junit.runners.ParentRunner$2.evaluate(ParentRunner.java:229)
	at org.springframework.test.context.junit4.statements.RunBeforeTestClassCallbacks.evaluate(RunBeforeTestClassCallbacks.java:61)
	at org.springframework.test.context.junit4.statements.RunAfterTestClassCallbacks.evaluate(RunAfterTestClassCallbacks.java:71)
	at org.junit.runners.ParentRunner.run(ParentRunner.java:309)
	at org.springframework.test.context.junit4.SpringJUnit4ClassRunner.run(SpringJUnit4ClassRunner.java:174)
	at org.apache.maven.surefire.junit4.JUnit4TestSet.execute(JUnit4TestSet.java:53)
	at org.apache.maven.surefire.junit4.JUnit4Provider.executeTestSet(JUnit4Provider.java:123)
	at org.apache.maven.surefire.junit4.JUnit4Provider.invoke(JUnit4Provider.java:104)
	at sun.reflect.NativeMethodAccessorImpl.invoke0(Native Method)
	at sun.reflect.NativeMethodAccessorImpl.invoke(NativeMethodAccessorImpl.java:57)
	at sun.reflect.DelegatingMethodAccessorImpl.invoke(DelegatingMethodAccessorImpl.java:43)
	at java.lang.reflect.Method.invoke(Method.java:601)
	at org.apache.maven.surefire.util.ReflectionUtils.invokeMethodWithArray(ReflectionUtils.java:164)
	at org.apache.maven.surefire.booter.ProviderFactory$ProviderProxy.invoke(ProviderFactory.java:110)
	at org.apache.maven.surefire.booter.SurefireStarter.invokeProvider(SurefireStarter.java:175)
	at org.apache.maven.surefire.booter.SurefireStarter.runSuitesInProcessWhenForked(SurefireStarter.java:107)
	at org.apache.maven.surefire.booter.ForkedBooter.main(ForkedBooter.java:68)
Caused by: java.lang.ClassNotFoundException: HttpRequest
	at java.net.URLClassLoader$1.run(URLClassLoader.java:366)
	at java.net.URLClassLoader$1.run(URLClassLoader.java:355)
	at java.security.AccessController.doPrivileged(Native Method)
	at java.net.URLClassLoader.findClass(URLClassLoader.java:354)
	at java.lang.ClassLoader.loadClass(ClassLoader.java:423)
	at sun.misc.Launcher$AppClassLoader.loadClass(Launcher.java:308)
	at java.lang.ClassLoader.loadClass(ClassLoader.java:356)
	... 54 more
</error>
    <system-out>2014-07-14 18:53:54 - org.springframework.test.context.junit4.SpringJUnit4ClassRunner - DEBUG  - SpringJUnit4ClassRunner constructor called with [class demo.spring3.mvc.HelloControllerTest].
2014-07-14 18:53:54 - org.springframework.test.context.support.AbstractDelegatingSmartContextLoader - DEBUG  - Delegating to GenericXmlWebContextLoader to process context configuration [ContextConfigurationAttributes@1f66bc0 declaringClass = &apos;demo.spring3.mvc.HelloControllerTest&apos;, locations = &apos;{file:src/main/resources/applicationContext.xml, file:src/main/webapp/WEB-INF/mvc-dispatcher-servlet.xml}&apos;, classes = &apos;{}&apos;, inheritLocations = true, initializers = &apos;{}&apos;, inheritInitializers = true, name = [null], contextLoaderClass = &apos;org.springframework.test.context.ContextLoader&apos;].
2014-07-14 18:53:54 - org.springframework.test.context.ContextLoaderUtils - DEBUG  - Could not find an &apos;annotation declaring class&apos; for annotation type [org.springframework.test.context.ActiveProfiles] and class [demo.spring3.mvc.HelloControllerTest]
2014-07-14 18:53:54 - org.springframework.test.context.TestContextManager - DEBUG  - @TestExecutionListeners is not present for class [class demo.spring3.mvc.HelloControllerTest]: using defaults.
2014-07-14 18:53:54 - org.springframework.test.annotation.ProfileValueUtils - DEBUG  - Retrieved @ProfileValueSourceConfiguration [null] for test class [demo.spring3.mvc.HelloControllerTest]
2014-07-14 18:53:54 - org.springframework.test.annotation.ProfileValueUtils - DEBUG  - Retrieved ProfileValueSource type [class org.springframework.test.annotation.SystemProfileValueSource] for class [demo.spring3.mvc.HelloControllerTest]
2014-07-14 18:53:54 - org.springframework.test.annotation.ProfileValueUtils - DEBUG  - Retrieved @ProfileValueSourceConfiguration [null] for test class [demo.spring3.mvc.HelloControllerTest]
2014-07-14 18:53:54 - org.springframework.test.annotation.ProfileValueUtils - DEBUG  - Retrieved ProfileValueSource type [class org.springframework.test.annotation.SystemProfileValueSource] for class [demo.spring3.mvc.HelloControllerTest]
2014-07-14 18:53:54 - org.springframework.test.annotation.ProfileValueUtils - DEBUG  - Retrieved @ProfileValueSourceConfiguration [null] for test class [demo.spring3.mvc.HelloControllerTest]
2014-07-14 18:53:54 - org.springframework.test.annotation.ProfileValueUtils - DEBUG  - Retrieved ProfileValueSource type [class org.springframework.test.annotation.SystemProfileValueSource] for class [demo.spring3.mvc.HelloControllerTest]
2014-07-14 18:53:54 - org.springframework.test.context.support.AbstractDelegatingSmartContextLoader - DEBUG  - Delegating to GenericXmlWebContextLoader to load context from [WebMergedContextConfiguration@11c2c15 testClass = HelloControllerTest, locations = &apos;{file:src/main/resources/applicationContext.xml, file:src/main/webapp/WEB-INF/mvc-dispatcher-servlet.xml}&apos;, classes = &apos;{}&apos;, contextInitializerClasses = &apos;[]&apos;, activeProfiles = &apos;{}&apos;, resourceBasePath = &apos;src/main/webapp&apos;, contextLoader = &apos;org.springframework.test.context.web.WebDelegatingSmartContextLoader&apos;, parent = [null]].
2014-07-14 18:53:54 - org.springframework.test.context.web.AbstractGenericWebContextLoader - DEBUG  - Loading WebApplicationContext for merged context configuration [WebMergedContextConfiguration@11c2c15 testClass = HelloControllerTest, locations = &apos;{file:src/main/resources/applicationContext.xml, file:src/main/webapp/WEB-INF/mvc-dispatcher-servlet.xml}&apos;, classes = &apos;{}&apos;, contextInitializerClasses = &apos;[]&apos;, activeProfiles = &apos;{}&apos;, resourceBasePath = &apos;src/main/webapp&apos;, contextLoader = &apos;org.springframework.test.context.web.WebDelegatingSmartContextLoader&apos;, parent = [null]].
2014-07-14 18:53:54 - org.springframework.web.context.support.StandardServletEnvironment - DEBUG  - Initializing new StandardServletEnvironment
2014-07-14 18:53:54 - org.springframework.web.context.support.StandardServletEnvironment - DEBUG  - Adding [servletConfigInitParams] PropertySource with lowest search precedence
2014-07-14 18:53:54 - org.springframework.web.context.support.StandardServletEnvironment - DEBUG  - Adding [servletContextInitParams] PropertySource with lowest search precedence
2014-07-14 18:53:54 - org.springframework.web.context.support.StandardServletEnvironment - DEBUG  - Adding [jndiProperties] PropertySource with lowest search precedence
2014-07-14 18:53:54 - org.springframework.web.context.support.StandardServletEnvironment - DEBUG  - Adding [systemProperties] PropertySource with lowest search precedence
2014-07-14 18:53:54 - org.springframework.web.context.support.StandardServletEnvironment - DEBUG  - Adding [systemEnvironment] PropertySource with lowest search precedence
2014-07-14 18:53:54 - org.springframework.web.context.support.StandardServletEnvironment - DEBUG  - Initialized StandardServletEnvironment with PropertySources [servletConfigInitParams,servletContextInitParams,jndiProperties,systemProperties,systemEnvironment]
2014-07-14 18:53:54 - org.springframework.beans.factory.xml.XmlBeanDefinitionReader - INFO   - Loading XML bean definitions from URL [file:src/main/resources/applicationContext.xml]
2014-07-14 18:53:54 - org.springframework.beans.factory.xml.DefaultDocumentLoader - DEBUG  - Using JAXP provider [com.sun.org.apache.xerces.internal.jaxp.DocumentBuilderFactoryImpl]
2014-07-14 18:53:54 - org.springframework.beans.factory.xml.PluggableSchemaResolver - DEBUG  - Loading schema mappings from [META-INF/spring.schemas]
2014-07-14 18:53:54 - org.springframework.beans.factory.xml.PluggableSchemaResolver - DEBUG  - Loaded schema mappings: {http://www.springframework.org/schema/tx/spring-tx-2.5.xsd=org/springframework/transaction/config/spring-tx-2.5.xsd, http://activemq.apache.org/schema/core/activemq-core-5.10.0.xsd=activemq.xsd, http://www.springframework.org/schema/context/spring-context-3.1.xsd=org/springframework/context/config/spring-context-3.1.xsd, http://www.springframework.org/schema/util/spring-util-3.0.xsd=org/springframework/beans/factory/xml/spring-util-3.0.xsd, http://www.springframework.org/schema/tool/spring-tool.xsd=org/springframework/beans/factory/xml/spring-tool-3.2.xsd, http://www.springframework.org/schema/aop/spring-aop-3.2.xsd=org/springframework/aop/config/spring-aop-3.2.xsd, http://activemq.apache.org/schema/core/activemq-core-5.7.0.xsd=activemq.xsd, http://www.springframework.org/schema/redis/spring-redis.xsd=org/springframework/data/redis/config/spring-redis-1.0.xsd, http://www.springframework.org/schema/mvc/spring-mvc-3.2.xsd=org/springframework/web/servlet/config/spring-mvc-3.2.xsd, http://www.springframework.org/schema/lang/spring-lang-3.2.xsd=org/springframework/scripting/config/spring-lang-3.2.xsd, http://www.springframework.org/schema/cache/spring-cache-3.2.xsd=org/springframework/cache/config/spring-cache-3.2.xsd, http://www.springframework.org/schema/util/spring-util-2.0.xsd=org/springframework/beans/factory/xml/spring-util-2.0.xsd, http://www.springframework.org/schema/tool/spring-tool-3.2.xsd=org/springframework/beans/factory/xml/spring-tool-3.2.xsd, http://www.springframework.org/schema/context/spring-context.xsd=org/springframework/context/config/spring-context-3.2.xsd, http://activemq.apache.org/schema/core/activemq-core-5.1.0.xsd=activemq.xsd, http://www.springframework.org/schema/jee/spring-jee-3.2.xsd=org/springframework/ejb/config/spring-jee-3.2.xsd, http://www.springframework.org/schema/context/spring-context-3.0.xsd=org/springframework/context/config/spring-context-3.0.xsd, http://www.springframework.org/schema/util/spring-util-2.5.xsd=org/springframework/beans/factory/xml/spring-util-2.5.xsd, http://www.springframework.org/schema/beans/spring-beans-3.2.xsd=org/springframework/beans/factory/xml/spring-beans-3.2.xsd, http://www.springframework.org/schema/aop/spring-aop-3.1.xsd=org/springframework/aop/config/spring-aop-3.1.xsd, http://activemq.apache.org/schema/core/activemq-core-5.5.1.xsd=activemq.xsd, http://activemq.apache.org/schema/core=activemq.xsd, http://www.springframework.org/schema/mvc/spring-mvc.xsd=org/springframework/web/servlet/config/spring-mvc-3.2.xsd, http://www.springframework.org/schema/mvc/spring-mvc-3.1.xsd=org/springframework/web/servlet/config/spring-mvc-3.1.xsd, http://www.springframework.org/schema/redis/spring-redis-1.0.xsd=org/springframework/data/redis/config/spring-redis-1.0.xsd, http://activemq.apache.org/schema/core/activemq-core-5.4.2.xsd=activemq.xsd, http://activemq.apache.org/schema/core/activemq-core-5.6.0.xsd=activemq.xsd, http://www.springframework.org/schema/lang/spring-lang-3.1.xsd=org/springframework/scripting/config/spring-lang-3.1.xsd, http://www.springframework.org/schema/cache/spring-cache-3.1.xsd=org/springframework/cache/config/spring-cache-3.1.xsd, http://activemq.apache.org/schema/core/activemq-core-5.0.0.xsd=activemq.xsd, http://www.springframework.org/schema/tool/spring-tool-3.1.xsd=org/springframework/beans/factory/xml/spring-tool-3.1.xsd, http://www.springframework.org/schema/jee/spring-jee-3.1.xsd=org/springframework/ejb/config/spring-jee-3.1.xsd, http://www.springframework.org/schema/task/spring-task-3.2.xsd=org/springframework/scheduling/config/spring-task-3.2.xsd, http://www.springframework.org/schema/beans/spring-beans-3.1.xsd=org/springframework/beans/factory/xml/spring-beans-3.1.xsd, http://www.springframework.org/schema/util/spring-util.xsd=org/springframework/beans/factory/xml/spring-util-3.2.xsd, http://activemq.apache.org/schema/core/activemq-core-5.3.2.xsd=activemq.xsd, http://activemq.apache.org/schema/core/activemq-core-5.5.0.xsd=activemq.xsd, http://www.springframework.org/schema/aop/spring-aop-3.0.xsd=org/springframework/aop/config/spring-aop-3.0.xsd, http://www.springframework.org/schema/mvc/spring-mvc-3.0.xsd=org/springframework/web/servlet/config/spring-mvc-3.0.xsd, http://www.springframework.org/schema/beans/spring-beans.xsd=org/springframework/beans/factory/xml/spring-beans-3.2.xsd, http://activemq.apache.org/schema/core/activemq-core-5.4.1.xsd=activemq.xsd, http://www.springframework.org/schema/tx/spring-tx-3.1.xsd=org/springframework/transaction/config/spring-tx-3.1.xsd, http://www.springframework.org/schema/lang/spring-lang-3.0.xsd=org/springframework/scripting/config/spring-lang-3.0.xsd, http://www.springframework.org/schema/context/spring-context-2.5.xsd=org/springframework/context/config/spring-context-2.5.xsd, http://activemq.org/config/1.0=activemq.xsd, http://activemq.apache.org/schema/core/activemq-core.xsd=activemq.xsd, http://www.springframework.org/schema/tool/spring-tool-3.0.xsd=org/springframework/beans/factory/xml/spring-tool-3.0.xsd, http://www.springframework.org/schema/aop/spring-aop-2.0.xsd=org/springframework/aop/config/spring-aop-2.0.xsd, http://www.springframework.org/schema/jee/spring-jee-3.0.xsd=org/springframework/ejb/config/spring-jee-3.0.xsd, http://www.springframework.org/schema/task/spring-task-3.1.xsd=org/springframework/scheduling/config/spring-task-3.1.xsd, http://www.springframework.org/schema/beans/spring-beans-3.0.xsd=org/springframework/beans/factory/xml/spring-beans-3.0.xsd, http://activemq.org/config/1.0/1.0.xsd=activemq.xsd, http://www.springframework.org/schema/jee/spring-jee.xsd=org/springframework/ejb/config/spring-jee-3.2.xsd, http://www.springframework.org/schema/aop/spring-aop-2.5.xsd=org/springframework/aop/config/spring-aop-2.5.xsd, http://activemq.apache.org/schema/core/activemq-core-5.3.1.xsd=activemq.xsd, http://www.springframework.org/schema/lang/spring-lang-2.0.xsd=org/springframework/scripting/config/spring-lang-2.0.xsd, http://www.springframework.org/schema/util/spring-util-3.2.xsd=org/springframework/beans/factory/xml/spring-util-3.2.xsd, http://www.springframework.org/schema/task/spring-task.xsd=org/springframework/scheduling/config/spring-task-3.2.xsd, http://www.springframework.org/schema/tool/spring-tool-2.0.xsd=org/springframework/beans/factory/xml/spring-tool-2.0.xsd, http://activemq.apache.org/schema/core/activemq-core-5.4.0.xsd=activemq.xsd, http://www.springframework.org/schema/tx/spring-tx-3.0.xsd=org/springframework/transaction/config/spring-tx-3.0.xsd, http://www.springframework.org/schema/lang/spring-lang-2.5.xsd=org/springframework/scripting/config/spring-lang-2.5.xsd, http://www.springframework.org/schema/jee/spring-jee-2.0.xsd=org/springframework/ejb/config/spring-jee-2.0.xsd, http://www.springframework.org/schema/tool/spring-tool-2.5.xsd=org/springframework/beans/factory/xml/spring-tool-2.5.xsd, http://www.springframework.org/schema/jee/spring-jee-2.5.xsd=org/springframework/ejb/config/spring-jee-2.5.xsd, http://www.springframework.org/schema/task/spring-task-3.0.xsd=org/springframework/scheduling/config/spring-task-3.0.xsd, http://activemq.apache.org/schema/core/activemq-core-5.9.0.xsd=activemq.xsd, http://activemq.apache.org/schema/core/activemq-core-5.3.0.xsd=activemq.xsd, http://www.springframework.org/schema/lang/spring-lang.xsd=org/springframework/scripting/config/spring-lang-3.2.xsd, http://www.springframework.org/schema/context/spring-context-3.2.xsd=org/springframework/context/config/spring-context-3.2.xsd, http://www.springframework.org/schema/util/spring-util-3.1.xsd=org/springframework/beans/factory/xml/spring-util-3.1.xsd, http://www.springframework.org/schema/beans/spring-beans-2.0.xsd=org/springframework/beans/factory/xml/spring-beans-2.0.xsd, http://www.springframework.org/schema/cache/spring-cache.xsd=org/springframework/cache/config/spring-cache-3.2.xsd, http://www.springframework.org/schema/tx/spring-tx.xsd=org/springframework/transaction/config/spring-tx-3.1.xsd, http://www.springframework.org/schema/beans/spring-beans-2.5.xsd=org/springframework/beans/factory/xml/spring-beans-2.5.xsd, http://activemq.apache.org/schema/core/activemq-core-5.8.0.xsd=activemq.xsd, http://www.springframework.org/schema/tx/spring-tx-2.0.xsd=org/springframework/transaction/config/spring-tx-2.0.xsd, http://activemq.apache.org/schema/core/activemq-core-5.2.0.xsd=activemq.xsd, http://www.springframework.org/schema/aop/spring-aop.xsd=org/springframework/aop/config/spring-aop-3.2.xsd}
2014-07-14 18:53:54 - org.springframework.beans.factory.xml.PluggableSchemaResolver - DEBUG  - Found XML schema [http://www.springframework.org/schema/beans/spring-beans-3.0.xsd] in classpath: org/springframework/beans/factory/xml/spring-beans-3.0.xsd
2014-07-14 18:53:54 - org.springframework.beans.factory.xml.DefaultBeanDefinitionDocumentReader - DEBUG  - Loading bean definitions
2014-07-14 18:53:54 - org.springframework.beans.factory.xml.XmlBeanDefinitionReader - DEBUG  - Loaded 0 bean definitions from location pattern [file:src/main/resources/applicationContext.xml]
2014-07-14 18:53:54 - org.springframework.beans.factory.xml.XmlBeanDefinitionReader - INFO   - Loading XML bean definitions from URL [file:src/main/webapp/WEB-INF/mvc-dispatcher-servlet.xml]
2014-07-14 18:53:54 - org.springframework.beans.factory.xml.DefaultDocumentLoader - DEBUG  - Using JAXP provider [com.sun.org.apache.xerces.internal.jaxp.DocumentBuilderFactoryImpl]
2014-07-14 18:53:54 - org.springframework.beans.factory.xml.PluggableSchemaResolver - DEBUG  - Found XML schema [http://www.springframework.org/schema/beans/spring-beans-3.0.xsd] in classpath: org/springframework/beans/factory/xml/spring-beans-3.0.xsd
2014-07-14 18:53:54 - org.springframework.beans.factory.xml.PluggableSchemaResolver - DEBUG  - Found XML schema [http://www.springframework.org/schema/context/spring-context-3.0.xsd] in classpath: org/springframework/context/config/spring-context-3.0.xsd
2014-07-14 18:53:54 - org.springframework.beans.factory.xml.PluggableSchemaResolver - DEBUG  - Found XML schema [http://www.springframework.org/schema/tool/spring-tool-3.0.xsd] in classpath: org/springframework/beans/factory/xml/spring-tool-3.0.xsd
2014-07-14 18:53:54 - org.springframework.beans.factory.xml.PluggableSchemaResolver - DEBUG  - Found XML schema [http://www.springframework.org/schema/util/spring-util-3.0.xsd] in classpath: org/springframework/beans/factory/xml/spring-util-3.0.xsd
2014-07-14 18:53:54 - org.springframework.beans.factory.xml.DefaultBeanDefinitionDocumentReader - DEBUG  - Loading bean definitions
2014-07-14 18:53:54 - org.springframework.beans.factory.xml.DefaultNamespaceHandlerResolver - DEBUG  - Loaded NamespaceHandler mappings: {http://www.springframework.org/schema/p=org.springframework.beans.factory.xml.SimplePropertyNamespaceHandler, http://www.springframework.org/schema/mvc=org.springframework.web.servlet.config.MvcNamespaceHandler, http://www.springframework.org/schema/util=org.springframework.beans.factory.xml.UtilNamespaceHandler, http://www.springframework.org/schema/jee=org.springframework.ejb.config.JeeNamespaceHandler, http://www.springframework.org/schema/aop=org.springframework.aop.config.AopNamespaceHandler, http://www.springframework.org/schema/redis=org.springframework.data.redis.config.RedisNamespaceHandler, http://www.springframework.org/schema/cache=org.springframework.cache.config.CacheNamespaceHandler, http://activemq.apache.org/schema/core=org.apache.xbean.spring.context.v2.XBeanNamespaceHandler, http://www.springframework.org/schema/c=org.springframework.beans.factory.xml.SimpleConstructorNamespaceHandler, http://www.springframework.org/schema/tx=org.springframework.transaction.config.TxNamespaceHandler, http://www.springframework.org/schema/task=org.springframework.scheduling.config.TaskNamespaceHandler, http://www.springframework.org/schema/lang=org.springframework.scripting.config.LangNamespaceHandler, http://www.springframework.org/schema/context=org.springframework.context.config.ContextNamespaceHandler}
2014-07-14 18:53:54 - org.springframework.core.io.support.PathMatchingResourcePatternResolver - DEBUG  - Looking for matching resources in directory tree [D:\workplaces\googlespace\java-utility-demo\maven_spring\target\test-classes\demo\spring3]
2014-07-14 18:53:54 - org.springframework.core.io.support.PathMatchingResourcePatternResolver - DEBUG  - Searching directory [D:\workplaces\googlespace\java-utility-demo\maven_spring\target\test-classes\demo\spring3] for files matching pattern [D:/workplaces/googlespace/java-utility-demo/maven_spring/target/test-classes/demo/spring3/**/**/*.class]
2014-07-14 18:53:54 - org.springframework.core.io.support.PathMatchingResourcePatternResolver - DEBUG  - Searching directory [D:\workplaces\googlespace\java-utility-demo\maven_spring\target\test-classes\demo\spring3\aop] for files matching pattern [D:/workplaces/googlespace/java-utility-demo/maven_spring/target/test-classes/demo/spring3/**/**/*.class]
2014-07-14 18:53:54 - org.springframework.core.io.support.PathMatchingResourcePatternResolver - DEBUG  - Searching directory [D:\workplaces\googlespace\java-utility-demo\maven_spring\target\test-classes\demo\spring3\jms] for files matching pattern [D:/workplaces/googlespace/java-utility-demo/maven_spring/target/test-classes/demo/spring3/**/**/*.class]
2014-07-14 18:53:54 - org.springframework.core.io.support.PathMatchingResourcePatternResolver - DEBUG  - Searching directory [D:\workplaces\googlespace\java-utility-demo\maven_spring\target\test-classes\demo\spring3\memcache] for files matching pattern [D:/workplaces/googlespace/java-utility-demo/maven_spring/target/test-classes/demo/spring3/**/**/*.class]
2014-07-14 18:53:54 - org.springframework.core.io.support.PathMatchingResourcePatternResolver - DEBUG  - Searching directory [D:\workplaces\googlespace\java-utility-demo\maven_spring\target\test-classes\demo\spring3\mvc] for files matching pattern [D:/workplaces/googlespace/java-utility-demo/maven_spring/target/test-classes/demo/spring3/**/**/*.class]
2014-07-14 18:53:54 - org.springframework.core.io.support.PathMatchingResourcePatternResolver - DEBUG  - Searching directory [D:\workplaces\googlespace\java-utility-demo\maven_spring\target\test-classes\demo\spring3\quartz] for files matching pattern [D:/workplaces/googlespace/java-utility-demo/maven_spring/target/test-classes/demo/spring3/**/**/*.class]
2014-07-14 18:53:54 - org.springframework.core.io.support.PathMatchingResourcePatternResolver - DEBUG  - Searching directory [D:\workplaces\googlespace\java-utility-demo\maven_spring\target\test-classes\demo\spring3\rmi] for files matching pattern [D:/workplaces/googlespace/java-utility-demo/maven_spring/target/test-classes/demo/spring3/**/**/*.class]
2014-07-14 18:53:54 - org.springframework.core.io.support.PathMatchingResourcePatternResolver - DEBUG  - Searching directory [D:\workplaces\googlespace\java-utility-demo\maven_spring\target\test-classes\demo\spring3\service] for files matching pattern [D:/workplaces/googlespace/java-utility-demo/maven_spring/target/test-classes/demo/spring3/**/**/*.class]
2014-07-14 18:53:54 - org.springframework.core.io.support.PathMatchingResourcePatternResolver - DEBUG  - Looking for matching resources in directory tree [D:\workplaces\googlespace\java-utility-demo\maven_spring\target\classes\demo\spring3]
2014-07-14 18:53:54 - org.springframework.core.io.support.PathMatchingResourcePatternResolver - DEBUG  - Searching directory [D:\workplaces\googlespace\java-utility-demo\maven_spring\target\classes\demo\spring3] for files matching pattern [D:/workplaces/googlespace/java-utility-demo/maven_spring/target/classes/demo/spring3/**/**/*.class]
2014-07-14 18:53:54 - org.springframework.core.io.support.PathMatchingResourcePatternResolver - DEBUG  - Searching directory [D:\workplaces\googlespace\java-utility-demo\maven_spring\target\classes\demo\spring3\aop] for files matching pattern [D:/workplaces/googlespace/java-utility-demo/maven_spring/target/classes/demo/spring3/**/**/*.class]
2014-07-14 18:53:54 - org.springframework.core.io.support.PathMatchingResourcePatternResolver - DEBUG  - Searching directory [D:\workplaces\googlespace\java-utility-demo\maven_spring\target\classes\demo\spring3\jms] for files matching pattern [D:/workplaces/googlespace/java-utility-demo/maven_spring/target/classes/demo/spring3/**/**/*.class]
2014-07-14 18:53:54 - org.springframework.core.io.support.PathMatchingResourcePatternResolver - DEBUG  - Searching directory [D:\workplaces\googlespace\java-utility-demo\maven_spring\target\classes\demo\spring3\memcache] for files matching pattern [D:/workplaces/googlespace/java-utility-demo/maven_spring/target/classes/demo/spring3/**/**/*.class]
2014-07-14 18:53:54 - org.springframework.core.io.support.PathMatchingResourcePatternResolver - DEBUG  - Searching directory [D:\workplaces\googlespace\java-utility-demo\maven_spring\target\classes\demo\spring3\mvc] for files matching pattern [D:/workplaces/googlespace/java-utility-demo/maven_spring/target/classes/demo/spring3/**/**/*.class]
2014-07-14 18:53:54 - org.springframework.core.io.support.PathMatchingResourcePatternResolver - DEBUG  - Searching directory [D:\workplaces\googlespace\java-utility-demo\maven_spring\target\classes\demo\spring3\quartz] for files matching pattern [D:/workplaces/googlespace/java-utility-demo/maven_spring/target/classes/demo/spring3/**/**/*.class]
2014-07-14 18:53:54 - org.springframework.core.io.support.PathMatchingResourcePatternResolver - DEBUG  - Searching directory [D:\workplaces\googlespace\java-utility-demo\maven_spring\target\classes\demo\spring3\rmi] for files matching pattern [D:/workplaces/googlespace/java-utility-demo/maven_spring/target/classes/demo/spring3/**/**/*.class]
2014-07-14 18:53:54 - org.springframework.core.io.support.PathMatchingResourcePatternResolver - DEBUG  - Searching directory [D:\workplaces\googlespace\java-utility-demo\maven_spring\target\classes\demo\spring3\rmi\client] for files matching pattern [D:/workplaces/googlespace/java-utility-demo/maven_spring/target/classes/demo/spring3/**/**/*.class]
2014-07-14 18:53:54 - org.springframework.core.io.support.PathMatchingResourcePatternResolver - DEBUG  - Searching directory [D:\workplaces\googlespace\java-utility-demo\maven_spring\target\classes\demo\spring3\rmi\service] for files matching pattern [D:/workplaces/googlespace/java-utility-demo/maven_spring/target/classes/demo/spring3/**/**/*.class]
2014-07-14 18:53:54 - org.springframework.core.io.support.PathMatchingResourcePatternResolver - DEBUG  - Searching directory [D:\workplaces\googlespace\java-utility-demo\maven_spring\target\classes\demo\spring3\rmi\service\impl] for files matching pattern [D:/workplaces/googlespace/java-utility-demo/maven_spring/target/classes/demo/spring3/**/**/*.class]
2014-07-14 18:53:54 - org.springframework.core.io.support.PathMatchingResourcePatternResolver - DEBUG  - Searching directory [D:\workplaces\googlespace\java-utility-demo\maven_spring\target\classes\demo\spring3\service] for files matching pattern [D:/workplaces/googlespace/java-utility-demo/maven_spring/target/classes/demo/spring3/**/**/*.class]
2014-07-14 18:53:54 - org.springframework.core.io.support.PathMatchingResourcePatternResolver - DEBUG  - Searching directory [D:\workplaces\googlespace\java-utility-demo\maven_spring\target\classes\demo\spring3\service\impl] for files matching pattern [D:/workplaces/googlespace/java-utility-demo/maven_spring/target/classes/demo/spring3/**/**/*.class]
2014-07-14 18:53:54 - org.springframework.core.io.support.PathMatchingResourcePatternResolver - DEBUG  - Resolved location pattern [classpath*:demo/spring3/**/**/*.class] to resources [file [D:\workplaces\googlespace\java-utility-demo\maven_spring\target\test-classes\demo\spring3\aop\TestSpringAop.class], file [D:\workplaces\googlespace\java-utility-demo\maven_spring\target\test-classes\demo\spring3\memcache\TestMemcache$1.class], file [D:\workplaces\googlespace\java-utility-demo\maven_spring\target\test-classes\demo\spring3\memcache\TestMemcache$Item.class], file [D:\workplaces\googlespace\java-utility-demo\maven_spring\target\test-classes\demo\spring3\memcache\TestMemcache.class], file [D:\workplaces\googlespace\java-utility-demo\maven_spring\target\test-classes\demo\spring3\mvc\HelloControllerTest.class], file [D:\workplaces\googlespace\java-utility-demo\maven_spring\target\test-classes\demo\spring3\quartz\TestSpringQuartz.class], file [D:\workplaces\googlespace\java-utility-demo\maven_spring\target\test-classes\demo\spring3\rmi\TestUserRmiService.class], file [D:\workplaces\googlespace\java-utility-demo\maven_spring\target\test-classes\demo\spring3\service\TestIWebClientService.class], file [D:\workplaces\googlespace\java-utility-demo\maven_spring\target\classes\demo\spring3\aop\User.class], file [D:\workplaces\googlespace\java-utility-demo\maven_spring\target\classes\demo\spring3\aop\UserLog.class], file [D:\workplaces\googlespace\java-utility-demo\maven_spring\target\classes\demo\spring3\aop\UserService.class], file [D:\workplaces\googlespace\java-utility-demo\maven_spring\target\classes\demo\spring3\aop\UserServiceImpl.class], file [D:\workplaces\googlespace\java-utility-demo\maven_spring\target\classes\demo\spring3\mvc\HelloController.class], file [D:\workplaces\googlespace\java-utility-demo\maven_spring\target\classes\demo\spring3\quartz\RunMeJob.class], file [D:\workplaces\googlespace\java-utility-demo\maven_spring\target\classes\demo\spring3\quartz\RunMeTask.class], file [D:\workplaces\googlespace\java-utility-demo\maven_spring\target\classes\demo\spring3\rmi\service\impl\UserServiceImpl.class], file [D:\workplaces\googlespace\java-utility-demo\maven_spring\target\classes\demo\spring3\rmi\service\UserService.class], file [D:\workplaces\googlespace\java-utility-demo\maven_spring\target\classes\demo\spring3\service\impl\WebClientServiceImpl.class], file [D:\workplaces\googlespace\java-utility-demo\maven_spring\target\classes\demo\spring3\service\IWebClientService.class]]
2014-07-14 18:53:54 - org.springframework.context.annotation.ClassPathBeanDefinitionScanner - DEBUG  - Identified candidate component class: file [D:\workplaces\googlespace\java-utility-demo\maven_spring\target\classes\demo\spring3\aop\UserLog.class]
2014-07-14 18:53:54 - org.springframework.context.annotation.ClassPathBeanDefinitionScanner - DEBUG  - Identified candidate component class: file [D:\workplaces\googlespace\java-utility-demo\maven_spring\target\classes\demo\spring3\aop\UserServiceImpl.class]
2014-07-14 18:53:54 - org.springframework.context.annotation.ClassPathBeanDefinitionScanner - DEBUG  - Identified candidate component class: file [D:\workplaces\googlespace\java-utility-demo\maven_spring\target\classes\demo\spring3\mvc\HelloController.class]
2014-07-14 18:53:54 - org.springframework.beans.factory.xml.BeanDefinitionParserDelegate - DEBUG  - Using generated bean name [util:list#1c980a6] for nested custom element &apos;util:list&apos;
2014-07-14 18:53:54 - org.springframework.beans.factory.xml.BeanDefinitionParserDelegate - DEBUG  - Neither XML &apos;id&apos; nor &apos;name&apos; specified - using generated bean name [org.springframework.web.servlet.mvc.annotation.AnnotationMethodHandlerAdapter#0]
2014-07-14 18:53:54 - org.springframework.beans.factory.xml.BeanDefinitionParserDelegate - DEBUG  - Neither XML &apos;id&apos; nor &apos;name&apos; specified - using generated bean name [org.springframework.web.servlet.view.InternalResourceViewResolver#0]
2014-07-14 18:53:54 - org.springframework.beans.factory.xml.XmlBeanDefinitionReader - DEBUG  - Loaded 10 bean definitions from location pattern [file:src/main/webapp/WEB-INF/mvc-dispatcher-servlet.xml]
2014-07-14 18:53:54 - org.springframework.web.context.support.GenericWebApplicationContext - INFO   - Refreshing org.springframework.web.context.support.GenericWebApplicationContext@14d583a: startup date [Mon Jul 14 18:53:54 CST 2014]; root of context hierarchy
2014-07-14 18:53:54 - org.springframework.web.context.support.StandardServletEnvironment - DEBUG  - Replacing [servletContextInitParams] PropertySource with [servletContextInitParams]
2014-07-14 18:53:54 - org.springframework.web.context.support.GenericWebApplicationContext - DEBUG  - Bean factory for org.springframework.web.context.support.GenericWebApplicationContext@14d583a: org.springframework.beans.factory.support.DefaultListableBeanFactory@2c10dc: defining beans [userLog,userServiceImpl,helloController,org.springframework.context.annotation.internalConfigurationAnnotationProcessor,org.springframework.context.annotation.internalAutowiredAnnotationProcessor,org.springframework.context.annotation.internalRequiredAnnotationProcessor,org.springframework.context.annotation.internalCommonAnnotationProcessor,org.springframework.web.servlet.mvc.annotation.AnnotationMethodHandlerAdapter#0,mappingJacksonHttpMessageConverter,org.springframework.web.servlet.view.InternalResourceViewResolver#0]; root of factory hierarchy
2014-07-14 18:53:54 - org.springframework.beans.factory.support.DefaultListableBeanFactory - DEBUG  - Creating shared instance of singleton bean &apos;org.springframework.context.annotation.internalConfigurationAnnotationProcessor&apos;
2014-07-14 18:53:54 - org.springframework.beans.factory.support.DefaultListableBeanFactory - DEBUG  - Creating instance of bean &apos;org.springframework.context.annotation.internalConfigurationAnnotationProcessor&apos;
2014-07-14 18:53:54 - org.springframework.beans.factory.support.DefaultListableBeanFactory - DEBUG  - Eagerly caching bean &apos;org.springframework.context.annotation.internalConfigurationAnnotationProcessor&apos; to allow for resolving potential circular references
2014-07-14 18:53:54 - org.springframework.beans.factory.support.DefaultListableBeanFactory - DEBUG  - Finished creating instance of bean &apos;org.springframework.context.annotation.internalConfigurationAnnotationProcessor&apos;
2014-07-14 18:53:54 - org.springframework.beans.factory.support.DefaultListableBeanFactory - DEBUG  - Creating shared instance of singleton bean &apos;org.springframework.context.annotation.internalAutowiredAnnotationProcessor&apos;
2014-07-14 18:53:54 - org.springframework.beans.factory.support.DefaultListableBeanFactory - DEBUG  - Creating instance of bean &apos;org.springframework.context.annotation.internalAutowiredAnnotationProcessor&apos;
2014-07-14 18:53:54 - org.springframework.beans.factory.support.DefaultListableBeanFactory - DEBUG  - Eagerly caching bean &apos;org.springframework.context.annotation.internalAutowiredAnnotationProcessor&apos; to allow for resolving potential circular references
2014-07-14 18:53:54 - org.springframework.beans.factory.support.DefaultListableBeanFactory - DEBUG  - Finished creating instance of bean &apos;org.springframework.context.annotation.internalAutowiredAnnotationProcessor&apos;
2014-07-14 18:53:54 - org.springframework.beans.factory.support.DefaultListableBeanFactory - DEBUG  - Creating shared instance of singleton bean &apos;org.springframework.context.annotation.internalRequiredAnnotationProcessor&apos;
2014-07-14 18:53:54 - org.springframework.beans.factory.support.DefaultListableBeanFactory - DEBUG  - Creating instance of bean &apos;org.springframework.context.annotation.internalRequiredAnnotationProcessor&apos;
2014-07-14 18:53:54 - org.springframework.beans.factory.support.DefaultListableBeanFactory - DEBUG  - Eagerly caching bean &apos;org.springframework.context.annotation.internalRequiredAnnotationProcessor&apos; to allow for resolving potential circular references
2014-07-14 18:53:54 - org.springframework.beans.factory.support.DefaultListableBeanFactory - DEBUG  - Finished creating instance of bean &apos;org.springframework.context.annotation.internalRequiredAnnotationProcessor&apos;
2014-07-14 18:53:54 - org.springframework.beans.factory.support.DefaultListableBeanFactory - DEBUG  - Creating shared instance of singleton bean &apos;org.springframework.context.annotation.internalCommonAnnotationProcessor&apos;
2014-07-14 18:53:54 - org.springframework.beans.factory.support.DefaultListableBeanFactory - DEBUG  - Creating instance of bean &apos;org.springframework.context.annotation.internalCommonAnnotationProcessor&apos;
2014-07-14 18:53:54 - org.springframework.beans.factory.support.DefaultListableBeanFactory - DEBUG  - Eagerly caching bean &apos;org.springframework.context.annotation.internalCommonAnnotationProcessor&apos; to allow for resolving potential circular references
2014-07-14 18:53:54 - org.springframework.beans.factory.support.DefaultListableBeanFactory - DEBUG  - Finished creating instance of bean &apos;org.springframework.context.annotation.internalCommonAnnotationProcessor&apos;
2014-07-14 18:53:54 - org.springframework.beans.factory.support.DefaultListableBeanFactory - DEBUG  - Creating shared instance of singleton bean &apos;org.springframework.context.annotation.ConfigurationClassPostProcessor.importAwareProcessor&apos;
2014-07-14 18:53:54 - org.springframework.beans.factory.support.DefaultListableBeanFactory - DEBUG  - Creating instance of bean &apos;org.springframework.context.annotation.ConfigurationClassPostProcessor.importAwareProcessor&apos;
2014-07-14 18:53:54 - org.springframework.beans.factory.support.DefaultListableBeanFactory - DEBUG  - Eagerly caching bean &apos;org.springframework.context.annotation.ConfigurationClassPostProcessor.importAwareProcessor&apos; to allow for resolving potential circular references
2014-07-14 18:53:54 - org.springframework.beans.factory.support.DefaultListableBeanFactory - DEBUG  - Finished creating instance of bean &apos;org.springframework.context.annotation.ConfigurationClassPostProcessor.importAwareProcessor&apos;
2014-07-14 18:53:54 - org.springframework.web.context.support.GenericWebApplicationContext - DEBUG  - Unable to locate MessageSource with name &apos;messageSource&apos;: using default [org.springframework.context.support.DelegatingMessageSource@ba97c3]
2014-07-14 18:53:54 - org.springframework.web.context.support.GenericWebApplicationContext - DEBUG  - Unable to locate ApplicationEventMulticaster with name &apos;applicationEventMulticaster&apos;: using default [org.springframework.context.event.SimpleApplicationEventMulticaster@418bc9]
2014-07-14 18:53:54 - org.springframework.ui.context.support.UiApplicationContextUtils - DEBUG  - Unable to locate ThemeSource with name &apos;themeSource&apos;: using default [org.springframework.ui.context.support.ResourceBundleThemeSource@1635780]
2014-07-14 18:53:54 - org.springframework.beans.factory.support.DefaultListableBeanFactory - INFO   - Pre-instantiating singletons in org.springframework.beans.factory.support.DefaultListableBeanFactory@2c10dc: defining beans [userLog,userServiceImpl,helloController,org.springframework.context.annotation.internalConfigurationAnnotationProcessor,org.springframework.context.annotation.internalAutowiredAnnotationProcessor,org.springframework.context.annotation.internalRequiredAnnotationProcessor,org.springframework.context.annotation.internalCommonAnnotationProcessor,org.springframework.web.servlet.mvc.annotation.AnnotationMethodHandlerAdapter#0,mappingJacksonHttpMessageConverter,org.springframework.web.servlet.view.InternalResourceViewResolver#0,org.springframework.context.annotation.ConfigurationClassPostProcessor.importAwareProcessor]; root of factory hierarchy
2014-07-14 18:53:54 - org.springframework.beans.factory.support.DefaultListableBeanFactory - DEBUG  - Creating shared instance of singleton bean &apos;userLog&apos;
2014-07-14 18:53:54 - org.springframework.beans.factory.support.DefaultListableBeanFactory - DEBUG  - Creating instance of bean &apos;userLog&apos;
2014-07-14 18:53:54 - org.springframework.beans.factory.support.DefaultListableBeanFactory - DEBUG  - Eagerly caching bean &apos;userLog&apos; to allow for resolving potential circular references
2014-07-14 18:53:54 - org.springframework.beans.factory.support.DefaultListableBeanFactory - DEBUG  - Finished creating instance of bean &apos;userLog&apos;
2014-07-14 18:53:54 - org.springframework.beans.factory.support.DefaultListableBeanFactory - DEBUG  - Creating shared instance of singleton bean &apos;userServiceImpl&apos;
2014-07-14 18:53:54 - org.springframework.beans.factory.support.DefaultListableBeanFactory - DEBUG  - Creating instance of bean &apos;userServiceImpl&apos;
2014-07-14 18:53:54 - org.springframework.beans.factory.support.DefaultListableBeanFactory - DEBUG  - Eagerly caching bean &apos;userServiceImpl&apos; to allow for resolving potential circular references
2014-07-14 18:53:54 - org.springframework.beans.factory.support.DefaultListableBeanFactory - DEBUG  - Finished creating instance of bean &apos;userServiceImpl&apos;
2014-07-14 18:53:54 - org.springframework.beans.factory.support.DefaultListableBeanFactory - DEBUG  - Creating shared instance of singleton bean &apos;helloController&apos;
2014-07-14 18:53:54 - org.springframework.beans.factory.support.DefaultListableBeanFactory - DEBUG  - Creating instance of bean &apos;helloController&apos;
</system-out>
  </testcase>
</testsuite>